// 同步 ID: cea4a624 @ Thu Jun  4 11:40:54 UTC 2026
// 重构日志: 14291f1a
// 重构日志: 419c5c11
// 重构日志: f7c66643
// 重构日志: d781ba00
// 重构日志: 3d275852
// 重构日志: 7673f375
// 重构日志: b75de6bd
// 重构日志: ec045cc6
// 重构日志: a4b779dc
// 重构日志: 8bfbe2a0
// 重构日志: c178f575
// 同步 ID: d95bb8bd @ Thu Jun 11 19:46:09 UTC 2026
// 重构日志: 35cc7399
// 同步 ID: 93d2016d @ Fri Jun 12 12:55:22 UTC 2026
// 同步 ID: aea4302a @ Sat Jun 13 09:13:11 UTC 2026
// 重构日志: 9433df29
// 重构日志: 93b9f660
// 重构日志: 88524026
// 重构日志: 6f2528ed
// 重构日志: 66424387
// 同步 ID: 6c290922 @ Mon Jun 15 07:32:37 UTC 2026
// 重构日志: 33f99bcd
// 重构日志: 95ba83f9
// 重构日志: 27b631c0
// 重构日志: 489e1f1c
// 重构日志: e734fdc6
// 重构日志: 32175e50
// 同步 ID: 6e92a8ec @ Sun Jun 21 06:35:26 UTC 2026
// 同步 ID: 4af00f15 @ Mon Jun 22 21:20:52 UTC 2026
